0 info it worked if it ends with ok
1 verbose cli [ 'C:\\Program Files\\nodejs\\node.exe',
1 verbose cli   'C:\\Users\\opp\\AppData\\Roaming\\npm\\node_modules\\npm\\bin\\npm-cli.js',
1 verbose cli   'install',
1 verbose cli   'lepc' ]
2 info using npm@4.1.1
3 info using node@v6.9.4
4 silly loadCurrentTree Starting
5 silly install loadCurrentTree
6 silly install readLocalPackageData
7 silly fetchPackageMetaData lepc
8 silly fetchNamedPackageData lepc
9 silly mapToRegistry name lepc
10 silly mapToRegistry using default registry
11 silly mapToRegistry registry http://registry.npmjs.org/
12 silly mapToRegistry data Result {
12 silly mapToRegistry   raw: 'lepc',
12 silly mapToRegistry   scope: null,
12 silly mapToRegistry   escapedName: 'lepc',
12 silly mapToRegistry   name: 'lepc',
12 silly mapToRegistry   rawSpec: '',
12 silly mapToRegistry   spec: 'latest',
12 silly mapToRegistry   type: 'tag' }
13 silly mapToRegistry uri http://registry.npmjs.org/lepc
14 verbose request uri http://registry.npmjs.org/lepc
15 verbose request no auth needed
16 info attempt registry request try #1 at 10:22:19
17 verbose request using bearer token for auth
18 verbose request id 8e59147c2f75671e
19 http request GET http://registry.npmjs.org/lepc
20 info retry will retry, error on last attempt: Error: connect ETIMEDOUT 151.101.88.162:80
21 info attempt registry request try #2 at 10:22:50
22 verbose request using bearer token for auth
23 http request GET http://registry.npmjs.org/lepc
24 http 200 http://registry.npmjs.org/lepc
25 verbose headers { server: 'nginx/1.10.1',
25 verbose headers   'content-type': 'application/json',
25 verbose headers   'last-modified': 'Mon, 19 Jun 2017 02:21:09 GMT',
25 verbose headers   etag: 'W/"59473515-4ed"',
25 verbose headers   'content-encoding': 'gzip',
25 verbose headers   'cache-control': 'max-age=300',
25 verbose headers   'transfer-encoding': 'chunked',
25 verbose headers   'accept-ranges': 'bytes',
25 verbose headers   date: 'Mon, 19 Jun 2017 02:22:50 GMT',
25 verbose headers   via: '1.1 varnish',
25 verbose headers   connection: 'keep-alive',
25 verbose headers   'x-served-by': 'cache-itm7420-ITM',
25 verbose headers   'x-cache': 'MISS',
25 verbose headers   'x-cache-hits': '0',
25 verbose headers   'x-timer': 'S1497838970.294869,VS0,VE135',
25 verbose headers   vary: 'Accept-Encoding' }
26 silly get cb [ 200,
26 silly get   { server: 'nginx/1.10.1',
26 silly get     'content-type': 'application/json',
26 silly get     'last-modified': 'Mon, 19 Jun 2017 02:21:09 GMT',
26 silly get     etag: 'W/"59473515-4ed"',
26 silly get     'content-encoding': 'gzip',
26 silly get     'cache-control': 'max-age=300',
26 silly get     'transfer-encoding': 'chunked',
26 silly get     'accept-ranges': 'bytes',
26 silly get     date: 'Mon, 19 Jun 2017 02:22:50 GMT',
26 silly get     via: '1.1 varnish',
26 silly get     connection: 'keep-alive',
26 silly get     'x-served-by': 'cache-itm7420-ITM',
26 silly get     'x-cache': 'MISS',
26 silly get     'x-cache-hits': '0',
26 silly get     'x-timer': 'S1497838970.294869,VS0,VE135',
26 silly get     vary: 'Accept-Encoding' } ]
27 verbose get saving lepc to C:\Users\opp\AppData\Roaming\npm-cache\registry.npmjs.org\lepc\.cache.json
28 verbose correctMkdir C:\Users\opp\AppData\Roaming\npm-cache correctMkdir not in flight; initializing
29 silly install normalizeTree
30 silly loadCurrentTree Finishing
31 silly loadIdealTree Starting
32 silly install loadIdealTree
33 silly cloneCurrentTree Starting
34 silly install cloneCurrentTreeToIdealTree
35 silly cloneCurrentTree Finishing
36 silly loadShrinkwrap Starting
37 silly install loadShrinkwrap
38 silly loadShrinkwrap Finishing
39 silly loadAllDepsIntoIdealTree Starting
40 silly install loadAllDepsIntoIdealTree
41 silly resolveWithNewModule lepc@1.0.0 checking installable status
42 silly cache add args [ 'lepc', null ]
43 verbose cache add spec lepc
44 silly cache add parsed spec Result {
44 silly cache add   raw: 'lepc',
44 silly cache add   scope: null,
44 silly cache add   escapedName: 'lepc',
44 silly cache add   name: 'lepc',
44 silly cache add   rawSpec: '',
44 silly cache add   spec: 'latest',
44 silly cache add   type: 'tag' }
45 silly addNamed lepc@latest
46 verbose addNamed "latest" is being treated as a dist-tag for lepc
47 info addNameTag [ 'lepc', 'latest' ]
48 silly mapToRegistry name lepc
49 silly mapToRegistry using default registry
50 silly mapToRegistry registry http://registry.npmjs.org/
51 silly mapToRegistry data Result {
51 silly mapToRegistry   raw: 'lepc',
51 silly mapToRegistry   scope: null,
51 silly mapToRegistry   escapedName: 'lepc',
51 silly mapToRegistry   name: 'lepc',
51 silly mapToRegistry   rawSpec: '',
51 silly mapToRegistry   spec: 'latest',
51 silly mapToRegistry   type: 'tag' }
52 silly mapToRegistry uri http://registry.npmjs.org/lepc
53 verbose addNameTag registry:http://registry.npmjs.org/lepc not in flight; fetching
54 verbose get http://registry.npmjs.org/lepc not expired, no request
55 silly addNameTag next cb for lepc with tag latest
56 silly addNamed lepc@1.0.0
57 verbose addNamed "1.0.0" is a plain semver version for lepc
58 silly cache afterAdd lepc@1.0.0
59 verbose afterAdd C:\Users\opp\AppData\Roaming\npm-cache\lepc\1.0.0\package\package.json not in flight; writing
60 verbose correctMkdir C:\Users\opp\AppData\Roaming\npm-cache correctMkdir not in flight; initializing
61 verbose afterAdd C:\Users\opp\AppData\Roaming\npm-cache\lepc\1.0.0\package\package.json written
62 silly loadAllDepsIntoIdealTree Finishing
63 silly loadIdealTree Finishing
64 silly currentTree works
65 silly idealTree works
65 silly idealTree `-- lepc@1.0.0
66 silly generateActionsToTake Starting
67 silly install generateActionsToTake
68 silly generateActionsToTake Finishing
69 silly diffTrees action count 1
70 silly diffTrees add lepc@1.0.0
71 silly decomposeActions action count 8
72 silly decomposeActions fetch lepc@1.0.0
73 silly decomposeActions extract lepc@1.0.0
74 silly decomposeActions test lepc@1.0.0
75 silly decomposeActions preinstall lepc@1.0.0
76 silly decomposeActions build lepc@1.0.0
77 silly decomposeActions install lepc@1.0.0
78 silly decomposeActions postinstall lepc@1.0.0
79 silly decomposeActions finalize lepc@1.0.0
80 silly runTopLevelLifecycles Starting
81 silly executeActions Starting
82 silly install executeActions
83 silly doSerial global-install 0
84 silly doParallel fetch 1
85 verbose correctMkdir C:\Users\opp\AppData\Roaming\npm-cache\_locks correctMkdir not in flight; initializing
86 verbose lock using C:\Users\opp\AppData\Roaming\npm-cache\_locks\staging-2bbcb232ef321e09.lock for E:\works\node_modules\.staging
87 silly doParallel extract 1
88 silly extract lepc@1.0.0
89 verbose unbuild node_modules\.staging\lepc-0fe90293
90 silly gentlyRm E:\works\node_modules\.staging\lepc-0fe90293 is being purged from base E:\works
91 verbose gentlyRm don't care about contents; nuking E:\works\node_modules\.staging\lepc-0fe90293
92 verbose tar unpack C:\Users\opp\AppData\Roaming\npm-cache\lepc\1.0.0\package.tgz
93 verbose tar unpacking to E:\works\node_modules\.staging\lepc-0fe90293
94 silly gentlyRm E:\works\node_modules\.staging\lepc-0fe90293 is being purged
95 verbose gentlyRm don't care about contents; nuking E:\works\node_modules\.staging\lepc-0fe90293
96 silly gunzTarPerm modes [ '777', '666' ]
97 silly gunzTarPerm extractEntry
98 silly gunzTarPerm extractEntry
99 silly gunzTarPerm extractEntry HLloading.gif
100 silly gunzTarPerm extractEntry index.js
101 silly gunzTarPerm extractEntry _font.scss
102 error tar.unpack untar error C:\Users\opp\AppData\Roaming\npm-cache\lepc\1.0.0\package.tgz
103 verbose unlock done using C:\Users\opp\AppData\Roaming\npm-cache\_locks\staging-2bbcb232ef321e09.lock for E:\works\node_modules\.staging
104 silly rollbackFailedOptional Starting
105 silly rollbackFailedOptional Finishing
106 silly runTopLevelLifecycles Finishing
107 silly install printInstalled
108 warn enoent ENOENT: no such file or directory, open 'E:\works\package.json'
109 verbose enoent ENOENT: no such file or directory, open 'E:\works\package.json'
109 verbose enoent This is most likely not a problem with npm itself
109 verbose enoent and is related to npm not being able to find a file.
110 warn works No description
111 verbose If you need help, you may report this error at:
111 verbose     <https://github.com/npm/npm/issues>
112 warn works No repository field.
113 verbose If you need help, you may report this error at:
113 verbose     <https://github.com/npm/npm/issues>
114 warn works No README data
115 verbose If you need help, you may report this error at:
115 verbose     <https://github.com/npm/npm/issues>
116 warn works No license field.
117 verbose If you need help, you may report this error at:
117 verbose     <https://github.com/npm/npm/issues>
118 verbose fstream_path E:\works\node_modules\.staging\lepc-0fe90293\HLloading.gif
119 verbose fstream_type File
120 verbose fstream_class FileWriter
121 verbose stack Error: EEXIST: file already exists, mkdir 'E:\works\node_modules\.staging\lepc-0fe90293'
121 verbose stack     at Error (native)
122 verbose fstream_stack C:\Users\opp\AppData\Roaming\npm\node_modules\npm\node_modules\fstream\lib\writer.js:171:25
122 verbose fstream_stack C:\Users\opp\AppData\Roaming\npm\node_modules\npm\node_modules\mkdirp\index.js:47:53
122 verbose fstream_stack C:\Users\opp\AppData\Roaming\npm\node_modules\npm\node_modules\graceful-fs\polyfills.js:287:18
122 verbose fstream_stack FSReqWrap.oncomplete (fs.js:123:15)
123 verbose cwd E:\works
124 error Windows_NT 10.0.14393
125 error argv "C:\\Program Files\\nodejs\\node.exe" "C:\\Users\\opp\\AppData\\Roaming\\npm\\node_modules\\npm\\bin\\npm-cli.js" "install" "lepc"
126 error node v6.9.4
127 error npm  v4.1.1
128 error path E:\works\node_modules\.staging\lepc-0fe90293
129 error code EEXIST
130 error errno -4075
131 error syscall mkdir
132 error EEXIST: file already exists, mkdir 'E:\works\node_modules\.staging\lepc-0fe90293'
133 error File exists: E:\works\node_modules\.staging\lepc-0fe90293
134 error Move it away, and try again.
135 verbose exit [ -4075, true ]
